------- FILE joystickinput.asm LEVEL 1 PASS 2
      1  fffe					      processor	6502
------- FILE ../macros/vcs.h LEVEL 2 PASS 2
      0  10000 ????				       include	"../macros/vcs.h"
      1  10000 ????						; VCS.H
      2  10000 ????						; Version 1.05, 13/November/2003
      3  10000 ????
      4  10000 ????		00 69	    VERSION_VCS =	105
      5  10000 ????
      6  10000 ????						; THIS IS A PRELIMINARY RELEASE OF *THE* "STANDARD" VCS.H
      7  10000 ????						; THIS FILE IS EXPLICITLY SUPPORTED AS A DASM-PREFERRED COMPANION FILE
      8  10000 ????						; PLEASE DO *NOT* REDISTRIBUTE THIS FILE!
      9  10000 ????						;
     10  10000 ????						; This file defines hardware registers and memory mapping for the
     11  10000 ????						; Atari 2600. It is distributed as a companion machine-specific support package
     12  10000 ????						; for the DASM compiler. Updates to this file, DASM, and associated tools are
     13  10000 ????						; available at at http://www.atari2600.org/dasm
     14  10000 ????						;
     15  10000 ????						; Many thanks to the original author(s) of this file, and to everyone who has
     16  10000 ????						; contributed to understanding the Atari 2600.  If you take issue with the
     17  10000 ????						; contents, or naming of registers, please write to me (atari2600@taswegian.com)
     18  10000 ????						; with your views.  Please contribute, if you think you can improve this
     19  10000 ????						; file!
     20  10000 ????						;
     21  10000 ????						; Latest Revisions...
     22  10000 ????						; 1.05  13/NOV/2003	  - Correction to 1.04 - now functions as requested by MR.
     23  10000 ????						;			  - Added VERSION_VCS equate (which will reflect 100x version #)
     24  10000 ????						;			    This will allow conditional code to verify VCS.H being
     25  10000 ????						;			    used for code assembly.
     26  10000 ????						; 1.04  12/NOV/2003	 Added TIA_BASE_WRITE_ADDRESS and TIA_BASE_READ_ADDRESS for
     27  10000 ????						;			 convenient disassembly/reassembly compatibility for hardware
     28  10000 ????						;			 mirrored reading/writing differences.	This is more a 
     29  10000 ????						;			 readability issue, and binary compatibility with disassembled
     30  10000 ????						;			 and reassembled sources.  Per Manuel Rotschkar's suggestion.
     31  10000 ????						; 1.03  12/MAY/2003	 Added SEG segment at end of file to fix old-code compatibility
     32  10000 ????						;			 which was broken by the use of segments in this file, as
     33  10000 ????						;			 reported by Manuel Polik on [stella] 11/MAY/2003
     34  10000 ????						; 1.02  22/MAR/2003	 Added TIMINT($285)
     35  10000 ????						; 1.01				Constant offset added to allow use for 3F-style bankswitching
     36  10000 ????						;						 - define TIA_BASE_ADDRESS as $40 for Tigervision carts, otherwise
     37  10000 ????						;						   it is safe to leave it undefined, and the base address will
     38  10000 ????						;						   be set to 0.  Thanks to Eckhard Stolberg for the suggestion.
     39  10000 ????						;			    Note, may use -DLABEL=EXPRESSION to define TIA_BASE_ADDRESS
     40  10000 ????						;			  - register definitions are now generated through assignment
     41  10000 ????						;			    in uninitialised segments.	This allows a changeable base
     42  10000 ????						;			    address architecture.
     43  10000 ????						; 1.0	22/MAR/2003		Initial release
     44  10000 ????
     45  10000 ????
     46  10000 ????						;-------------------------------------------------------------------------------
     47  10000 ????
     48  10000 ????						; TIA_BASE_ADDRESS
     49  10000 ????						; The TIA_BASE_ADDRESS defines the base address of access to TIA registers.
     50  10000 ????						; Normally 0, the base address should (externally, before including this file)
     51  10000 ????						; be set to $40 when creating 3F-bankswitched (and other?) cartridges.
     52  10000 ????						; The reason is that this bankswitching scheme treats any access to locations
     53  10000 ????						; < $40 as a bankswitch.
     54  10000 ????
     55  10000 ????			   -	       IFNCONST	TIA_BASE_ADDRESS
     56  10000 ????			   -TIA_BASE_ADDRESS =	0
     57  10000 ????				       ENDIF
     58  10000 ????
     59  10000 ????						; Note: The address may be defined on the command-line using the -D switch, eg:
     60  10000 ????						; dasm.exe code.asm -DTIA_BASE_ADDRESS=$40 -f3 -v5 -ocode.bin
     61  10000 ????						; *OR* by declaring the label before including this file, eg:
     62  10000 ????						; TIA_BASE_ADDRESS = $40
     63  10000 ????						;   include "vcs.h"
     64  10000 ????
     65  10000 ????						; Alternate read/write address capability - allows for some disassembly compatibility
     66  10000 ????						; usage ; to allow reassembly to binary perfect copies).  This is essentially catering
     67  10000 ????						; for the mirrored ROM hardware registers.
     68  10000 ????
     69  10000 ????						; Usage: As per above, define the TIA_BASE_READ_ADDRESS and/or TIA_BASE_WRITE_ADDRESS
     70  10000 ????						; using the -D command-line switch, as required.  If the addresses are not defined, 
     71  10000 ????						; they defaut to the TIA_BASE_ADDRESS.
     72  10000 ????
     73  10000 ????			   -	       IFNCONST	TIA_BASE_READ_ADDRESS
     74  10000 ????			   -TIA_BASE_READ_ADDRESS =	TIA_BASE_ADDRESS
     75  10000 ????				       ENDIF
     76  10000 ????
     77  10000 ????			   -	       IFNCONST	TIA_BASE_WRITE_ADDRESS
     78  10000 ????			   -TIA_BASE_WRITE_ADDRESS =	TIA_BASE_ADDRESS
     79  10000 ????				       ENDIF
     80  10000 ????
     81  10000 ????						;-------------------------------------------------------------------------------
     82  10000 ????
     83 U002d ????				      SEG.U	TIA_REGISTERS_WRITE
     84 U0000					      ORG	TIA_BASE_WRITE_ADDRESS
     85 U0000
     86 U0000							; DO NOT CHANGE THE RELATIVE ORDERING OF REGISTERS!
     87 U0000
     88 U0000		       00	   VSYNC      ds	1	; $00	 0000 00x0   Vertical Sync Set-Clear
     89 U0001		       00	   VBLANK     ds	1	; $01	 xx00 00x0   Vertical Blank Set-Clear
     90 U0002		       00	   WSYNC      ds	1	; $02	 ---- ----   Wait for Horizontal Blank
     91 U0003		       00	   RSYNC      ds	1	; $03	 ---- ----   Reset Horizontal Sync Counter
     92 U0004		       00	   NUSIZ0     ds	1	; $04	 00xx 0xxx   Number-Size player/missle 0
     93 U0005		       00	   NUSIZ1     ds	1	; $05	 00xx 0xxx   Number-Size player/missle 1
     94 U0006		       00	   COLUP0     ds	1	; $06	 xxxx xxx0   Color-Luminance Player 0
     95 U0007		       00	   COLUP1     ds	1	; $07	 xxxx xxx0   Color-Luminance Player 1
     96 U0008		       00	   COLUPF     ds	1	; $08	 xxxx xxx0   Color-Luminance Playfield
     97 U0009		       00	   COLUBK     ds	1	; $09	 xxxx xxx0   Color-Luminance Background
     98 U000a		       00	   CTRLPF     ds	1	; $0A	 00xx 0xxx   Control Playfield, Ball, Collisions
     99 U000b		       00	   REFP0      ds	1	; $0B	 0000 x000   Reflection Player 0
    100 U000c		       00	   REFP1      ds	1	; $0C	 0000 x000   Reflection Player 1
    101 U000d		       00	   PF0	      ds	1	; $0D	 xxxx 0000   Playfield Register Byte 0
    102 U000e		       00	   PF1	      ds	1	; $0E	 xxxx xxxx   Playfield Register Byte 1
    103 U000f		       00	   PF2	      ds	1	; $0F	 xxxx xxxx   Playfield Register Byte 2
    104 U0010		       00	   RESP0      ds	1	; $10	 ---- ----   Reset Player 0
    105 U0011		       00	   RESP1      ds	1	; $11	 ---- ----   Reset Player 1
    106 U0012		       00	   RESM0      ds	1	; $12	 ---- ----   Reset Missle 0
    107 U0013		       00	   RESM1      ds	1	; $13	 ---- ----   Reset Missle 1
    108 U0014		       00	   RESBL      ds	1	; $14	 ---- ----   Reset Ball
    109 U0015		       00	   AUDC0      ds	1	; $15	 0000 xxxx   Audio Control 0
    110 U0016		       00	   AUDC1      ds	1	; $16	 0000 xxxx   Audio Control 1
    111 U0017		       00	   AUDF0      ds	1	; $17	 000x xxxx   Audio Frequency 0
    112 U0018		       00	   AUDF1      ds	1	; $18	 000x xxxx   Audio Frequency 1
    113 U0019		       00	   AUDV0      ds	1	; $19	 0000 xxxx   Audio Volume 0
    114 U001a		       00	   AUDV1      ds	1	; $1A	 0000 xxxx   Audio Volume 1
    115 U001b		       00	   GRP0       ds	1	; $1B	 xxxx xxxx   Graphics Register Player 0
    116 U001c		       00	   GRP1       ds	1	; $1C	 xxxx xxxx   Graphics Register Player 1
    117 U001d		       00	   ENAM0      ds	1	; $1D	 0000 00x0   Graphics Enable Missle 0
    118 U001e		       00	   ENAM1      ds	1	; $1E	 0000 00x0   Graphics Enable Missle 1
    119 U001f		       00	   ENABL      ds	1	; $1F	 0000 00x0   Graphics Enable Ball
    120 U0020		       00	   HMP0       ds	1	; $20	 xxxx 0000   Horizontal Motion Player 0
    121 U0021		       00	   HMP1       ds	1	; $21	 xxxx 0000   Horizontal Motion Player 1
    122 U0022		       00	   HMM0       ds	1	; $22	 xxxx 0000   Horizontal Motion Missle 0
    123 U0023		       00	   HMM1       ds	1	; $23	 xxxx 0000   Horizontal Motion Missle 1
    124 U0024		       00	   HMBL       ds	1	; $24	 xxxx 0000   Horizontal Motion Ball
    125 U0025		       00	   VDELP0     ds	1	; $25	 0000 000x   Vertical Delay Player 0
    126 U0026		       00	   VDELP1     ds	1	; $26	 0000 000x   Vertical Delay Player 1
    127 U0027		       00	   VDELBL     ds	1	; $27	 0000 000x   Vertical Delay Ball
    128 U0028		       00	   RESMP0     ds	1	; $28	 0000 00x0   Reset Missle 0 to Player 0
    129 U0029		       00	   RESMP1     ds	1	; $29	 0000 00x0   Reset Missle 1 to Player 1
    130 U002a		       00	   HMOVE      ds	1	; $2A	 ---- ----   Apply Horizontal Motion
    131 U002b		       00	   HMCLR      ds	1	; $2B	 ---- ----   Clear Horizontal Move Registers
    132 U002c		       00	   CXCLR      ds	1	; $2C	 ---- ----   Clear Collision Latches
    133 U002d
    134 U002d							;-------------------------------------------------------------------------------
    135 U002d
    136 U000e ????				      SEG.U	TIA_REGISTERS_READ
    137 U0000					      ORG	TIA_BASE_READ_ADDRESS
    138 U0000
    139 U0000							;											bit 7	 bit 6
    140 U0000		       00	   CXM0P      ds	1	; $00	     xx00 0000	     Read Collision  M0-P1   M0-P0
    141 U0001		       00	   CXM1P      ds	1	; $01	     xx00 0000			     M1-P0   M1-P1
    142 U0002		       00	   CXP0FB     ds	1	; $02	     xx00 0000			     P0-PF   P0-BL
    143 U0003		       00	   CXP1FB     ds	1	; $03	     xx00 0000			     P1-PF   P1-BL
    144 U0004		       00	   CXM0FB     ds	1	; $04	     xx00 0000			     M0-PF   M0-BL
    145 U0005		       00	   CXM1FB     ds	1	; $05	     xx00 0000			     M1-PF   M1-BL
    146 U0006		       00	   CXBLPF     ds	1	; $06	     x000 0000			     BL-PF   -----
    147 U0007		       00	   CXPPMM     ds	1	; $07	     xx00 0000			     P0-P1   M0-M1
    148 U0008		       00	   INPT0      ds	1	; $08	     x000 0000	     Read Pot Port 0
    149 U0009		       00	   INPT1      ds	1	; $09	     x000 0000	     Read Pot Port 1
    150 U000a		       00	   INPT2      ds	1	; $0A	     x000 0000	     Read Pot Port 2
    151 U000b		       00	   INPT3      ds	1	; $0B	     x000 0000	     Read Pot Port 3
    152 U000c		       00	   INPT4      ds	1	; $0C		x000 0000	 Read Input (Trigger) 0
    153 U000d		       00	   INPT5      ds	1	; $0D		x000 0000	 Read Input (Trigger) 1
    154 U000e
    155 U000e							;-------------------------------------------------------------------------------
    156 U000e
    157 U0298 ????				      SEG.U	RIOT
    158 U0280					      ORG	$280
    159 U0280
    160 U0280							; RIOT MEMORY MAP
    161 U0280
    162 U0280		       00	   SWCHA      ds	1	; $280      Port A data register for joysticks:
    163 U0281							;			Bits 4-7 for player 1.  Bits 0-3 for player 2.
    164 U0281
    165 U0281		       00	   SWACNT     ds	1	; $281      Port A data direction register (DDR)
    166 U0282		       00	   SWCHB      ds	1	; $282		Port B data (console switches)
    167 U0283		       00	   SWBCNT     ds	1	; $283      Port B DDR
    168 U0284		       00	   INTIM      ds	1	; $284		Timer output
    169 U0285
    170 U0285		       00	   TIMINT     ds	1	; $285
    171 U0286
    172 U0286							; Unused/undefined registers ($285-$294)
    173 U0286
    174 U0286		       00		      ds	1	; $286
    175 U0287		       00		      ds	1	; $287
    176 U0288		       00		      ds	1	; $288
    177 U0289		       00		      ds	1	; $289
    178 U028a		       00		      ds	1	; $28A
    179 U028b		       00		      ds	1	; $28B
    180 U028c		       00		      ds	1	; $28C
    181 U028d		       00		      ds	1	; $28D
    182 U028e		       00		      ds	1	; $28E
    183 U028f		       00		      ds	1	; $28F
    184 U0290		       00		      ds	1	; $290
    185 U0291		       00		      ds	1	; $291
    186 U0292		       00		      ds	1	; $292
    187 U0293		       00		      ds	1	; $293
    188 U0294
    189 U0294		       00	   TIM1T      ds	1	; $294		set 1 clock interval
    190 U0295		       00	   TIM8T      ds	1	; $295      set 8 clock interval
    191 U0296		       00	   TIM64T     ds	1	; $296      set 64 clock interval
    192 U0297		       00	   T1024T     ds	1	; $297      set 1024 clock interval
    193 U0298
    194 U0298							;-------------------------------------------------------------------------------
    195 U0298							; The following required for back-compatibility with code which does not use
    196 U0298							; segments.
    197 U0298
    198  0000 ????				      SEG
    199  0000 ????
    200  0000 ????						; EOF
------- FILE joystickinput.asm
------- FILE ../macros/macro.h LEVEL 2 PASS 2
      0  0000 ????				      include	"../macros/macro.h"
      1  0000 ????						; MACRO.H
      2  0000 ????						; Version 1.06, 3/SEPTEMBER/2004
      3  0000 ????
      4  0000 ????	       00 6a	   VERSION_MACRO =	106
      5  0000 ????
      6  0000 ????						;
      7  0000 ????						; THIS FILE IS EXPLICITLY SUPPORTED AS A DASM-PREFERRED COMPANION FILE
      8  0000 ????						; PLEASE DO *NOT* REDISTRIBUTE MODIFIED VERSIONS OF THIS FILE!
      9  0000 ????						;
     10  0000 ????						; This file defines DASM macros useful for development for the Atari 2600.
     11  0000 ????						; It is distributed as a companion machine-specific support package
     12  0000 ????						; for the DASM compiler. Updates to this file, DASM, and associated tools are
     13  0000 ????						; available at at http://www.atari2600.org/dasm
     14  0000 ????						;
     15  0000 ????						; Many thanks to the people who have contributed.  If you take issue with the
     16  0000 ????						; contents, or would like to add something, please write to me
     17  0000 ????						; (atari2600@taswegian.com) with your contribution.
     18  0000 ????						;
     19  0000 ????						; Latest Revisions...
     20  0000 ????						;
     21  0000 ????						; 1.06  03/SEP/2004	 - nice revision of VERTICAL_BLANK (Edwin Blink)
     22  0000 ????						; 1.05  14/NOV/2003	 - Added VERSION_MACRO equate (which will reflect 100x version #)
     23  0000 ????						;			   This will allow conditional code to verify MACRO.H being
     24  0000 ????						;			   used for code assembly.
     25  0000 ????						; 1.04  13/NOV/2003	 - SET_POINTER macro added (16-bit address load)
     26  0000 ????						;
     27  0000 ????						; 1.03  23/JUN/2003	 - CLEAN_START macro added - clears TIA, RAM, registers
     28  0000 ????						;
     29  0000 ????						; 1.02  14/JUN/2003	 - VERTICAL_SYNC macro added
     30  0000 ????						;			   (standardised macro for vertical synch code)
     31  0000 ????						; 1.01  22/MAR/2003	 - SLEEP macro added. 
     32  0000 ????						;			 - NO_ILLEGAL_OPCODES switch implemented
     33  0000 ????						; 1.0	22/MAR/2003		Initial release
     34  0000 ????
     35  0000 ????						; Note: These macros use illegal opcodes.  To disable illegal opcode usage, 
     36  0000 ????						;   define the symbol NO_ILLEGAL_OPCODES (-DNO_ILLEGAL_OPCODES=1 on command-line).
     37  0000 ????						;   If you do not allow illegal opcode usage, you must include this file 
     38  0000 ????						;   *after* including VCS.H (as the non-illegal opcodes access hardware
     39  0000 ????						;   registers and require them to be defined first).
     40  0000 ????
     41  0000 ????						; Available macros...
     42  0000 ????						;   SLEEP n		 - sleep for n cycles
     43  0000 ????						;   VERTICAL_SYNC	 - correct 3 scanline vertical synch code
     44  0000 ????						;   CLEAN_START	 - set machine to known state on startup
     45  0000 ????						;   SET_POINTER	 - load a 16-bit absolute to a 16-bit variable
     46  0000 ????
     47  0000 ????						;-------------------------------------------------------------------------------
     48  0000 ????						; SLEEP duration
     49  0000 ????						; Original author: Thomas Jentzsch
     50  0000 ????						; Inserts code which takes the specified number of cycles to execute.	This is
     51  0000 ????						; useful for code where precise timing is required.
     52  0000 ????						; ILLEGAL-OPCODE VERSION DOES NOT AFFECT FLAGS OR REGISTERS.
     53  0000 ????						; LEGAL OPCODE VERSION MAY AFFECT FLAGS
     54  0000 ????						; Uses illegal opcode (DASM 2.20.01 onwards).
     55  0000 ????
     56  0000 ????				      MAC	sleep
     57  0000 ????			   .CYCLES    SET	{1}
     58  0000 ????
     59  0000 ????				      IF	.CYCLES < 2
     60  0000 ????				      ECHO	"MACRO ERROR: 'SLEEP': Duration must be > 1"
     61  0000 ????				      ERR
     62  0000 ????				      ENDIF
     63  0000 ????
     64  0000 ????				      IF	.CYCLES & 1
     65  0000 ????				      IFNCONST	NO_ILLEGAL_OPCODES
     66  0000 ????				      nop	0
     67  0000 ????				      ELSE
     68  0000 ????				      bit	VSYNC
     69  0000 ????				      ENDIF
     70  0000 ????			   .CYCLES    SET	.CYCLES - 3
     71  0000 ????				      ENDIF
     72  0000 ????
     73  0000 ????				      REPEAT	.CYCLES / 2
     74  0000 ????				      nop
     75  0000 ????				      REPEND
     76  0000 ????				      ENDM		;usage: SLEEP n (n>1)
     77  0000 ????
     78  0000 ????						;-------------------------------------------------------------------------------
     79  0000 ????						; VERTICAL_SYNC
     80  0000 ????						; revised version by Edwin Blink -- saves bytes!
     81  0000 ????						; Inserts the code required for a proper 3 scanline vertical sync sequence
     82  0000 ????						; Note: Alters the accumulator
     83  0000 ????
     84  0000 ????						; OUT: A = 0
     85  0000 ????
     86  0000 ????				      MAC	vertical_sync
     87  0000 ????				      lda	#%1110	; each '1' bits generate a VSYNC ON line (bits 1..3)
     88  0000 ????			   .VSLP1     sta	WSYNC	; 1st '0' bit resets Vsync, 2nd '0' bit exit loop
     89  0000 ????				      sta	VSYNC
     90  0000 ????				      lsr
     91  0000 ????				      bne	.VSLP1	; branch until VYSNC has been reset
     92  0000 ????				      ENDM
     93  0000 ????
     94  0000 ????						;-------------------------------------------------------------------------------
     95  0000 ????						; CLEAN_START
     96  0000 ????						; Original author: Andrew Davie
     97  0000 ????						; Standardised start-up code, clears stack, all TIA registers and RAM to 0
     98  0000 ????						; Sets stack pointer to $FF, and all registers to 0
     99  0000 ????						; Sets decimal mode off, sets interrupt flag (kind of un-necessary)
    100  0000 ????						; Use as very first section of code on boot (ie: at reset)
    101  0000 ????						; Code written to minimise total ROM usage - uses weird 6502 knowledge :)
    102  0000 ????
    103  0000 ????				      MAC	clean_start
    104  0000 ????				      sei
    105  0000 ????				      cld
    106  0000 ????
    107  0000 ????				      ldx	#0
    108  0000 ????				      txa
    109  0000 ????				      tay
    110  0000 ????			   .CLEAR_STACK dex
    111  0000 ????				      txs
    112  0000 ????				      pha
    113  0000 ????				      bne	.CLEAR_STACK	; SP=$FF, X = A = Y = 0
    114  0000 ????
    115  0000 ????				      ENDM
    116  0000 ????
    117  0000 ????						;-------------------------------------------------------
    118  0000 ????						; SET_POINTER
    119  0000 ????						; Original author: Manuel Rotschkar
    120  0000 ????						;
    121  0000 ????						; Sets a 2 byte RAM pointer to an absolute address.
    122  0000 ????						;
    123  0000 ????						; Usage: SET_POINTER pointer, address
    124  0000 ????						; Example: SET_POINTER SpritePTR, SpriteData
    125  0000 ????						;
    126  0000 ????						; Note: Alters the accumulator, NZ flags
    127  0000 ????						; IN 1: 2 byte RAM location reserved for pointer
    128  0000 ????						; IN 2: absolute address
    129  0000 ????
    130  0000 ????				      MAC	set_pointer
    131  0000 ????			   .POINTER   SET	{1}
    132  0000 ????			   .ADDRESS   SET	{2}
    133  0000 ????
    134  0000 ????				      LDA	#<.ADDRESS	; Get Lowbyte of Address
    135  0000 ????				      STA	.POINTER	; Store in pointer
    136  0000 ????				      LDA	#>.ADDRESS	; Get Hibyte of Address
    137  0000 ????				      STA	.POINTER+1	; Store in pointer+1
    138  0000 ????
    139  0000 ????				      ENDM
    140  0000 ????
    141  0000 ????						;-------------------------------------------------------
    142  0000 ????						; BOUNDARY byte#
    143  0000 ????						; Original author: Denis Debro (borrowed from Bob Smith / Thomas)
    144  0000 ????						;
    145  0000 ????						; Push data to a certain position inside a page and keep count of how
    146  0000 ????						; many free bytes the programmer will have.
    147  0000 ????						;
    148  0000 ????						; eg: BOUNDARY 5    ; position at byte #5 in page
    149  0000 ????
    150  0000 ????			   .FREE_BYTES SET	0
    151  0000 ????				      MAC	boundary
    152  0000 ????				      REPEAT	256
    153  0000 ????				      IF	<. % {1} = 0
    154  0000 ????				      MEXIT
    155  0000 ????				      ELSE
    156  0000 ????			   .FREE_BYTES SET	.FREE_BYTES + 1
    157  0000 ????				      .byte	$00
    158  0000 ????				      ENDIF
    159  0000 ????				      REPEND
    160  0000 ????				      ENDM
    161  0000 ????
    162  0000 ????
    163  0000 ????						; EOF
------- FILE joystickinput.asm
      4 U0081 ????				      seg.u	var
      5 U0080					      org	$80
      6 U0080		       00	   p0x	      byte.b		;player 0 x coordinate
      7  10000 ????				       seg	code
      8  f000					      org	$F000
      9  f000				   res			;reset
      0  f000					      CLEAN_START
      1  f000		       78		      sei
      2  f001		       d8		      cld
      3  f002
      4  f002		       a2 00		      ldx	#0
      5  f004		       8a		      txa
      6  f005		       a8		      tay
      7  f006		       ca	   .CLEAR_STACK dex
      8  f007		       9a		      txs
      9  f008		       48		      pha
     10  f009		       d0 fb		      bne	.CLEAR_STACK
     11  f00b
     11  f00b		       a2 80		      ldx	#$80	;black
     12  f00d		       86 09		      stx	COLUBK
     13  f00f		       a2 d0		      ldx	#$D0	;green
     14  f011		       86 08		      stx	COLUPF	;make playfield green
     15  f013		       a9 0a		      lda	#10
     16  f015		       85 80		      sta	p0x
     17  f017				   dk			;draw kernel
     18  f017		       a9 02		      lda	#2
     19  f019		       85 00		      sta	VSYNC
     20  f01b		       85 01		      sta	VBLANK
     21  f01d					      repeat	3
     22  f01d		       85 02		      sta	WSYNC
     21  f01d					      repend
     22  f01f		       85 02		      sta	WSYNC
     21  f01f					      repend
     22  f021		       85 02		      sta	WSYNC
     23  f023					      repend
     24  f023		       a9 00		      lda	#0
     25  f025		       85 00		      sta	VSYNC
     26  f027		       a5 80		      lda	p0x
     27  f029		       29 7f		      and	#$7F	;logical and with 0000111 to fix range
     28  f02b		       85 02		      sta	WSYNC
     29  f02d		       85 2b		      sta	HMCLR
     30  f02f		       38		      sec		;set carry for subtraction
     31  f030				   div			;division loop
     32  f030		       e9 0f		      sbc	#15	;a-15
     33  f032		       b0 fc		      bcs	div	;loop until carry bit is set
     34  f034		       49 07		      eor	#7	;adjust the a between -8 to 7 range with xor
     35  f036					      repeat	4
     36  f036		       0a		      asl		;4 left shifts since HMP0 onyl uses the top 4 bits
     35  f036					      repend
     36  f037		       0a		      asl		;4 left shifts since HMP0 onyl uses the top 4 bits
     35  f037					      repend
     36  f038		       0a		      asl		;4 left shifts since HMP0 onyl uses the top 4 bits
     35  f038					      repend
     36  f039		       0a		      asl		;4 left shifts since HMP0 onyl uses the top 4 bits
     37  f03a					      repend
     38  f03a		       85 20		      sta	HMP0	;set fine pos
     39  f03c		       85 10		      sta	RESP0	;reset 15-step brute pos
     40  f03e		       85 02		      sta	WSYNC
     41  f040		       85 2a		      sta	HMOVE	;apply horizontal motion
     42  f042					      repeat	35	;37-2 used blank scanlines
     43  f042		       85 02		      sta	WSYNC
     42  f042					      repend
     43  f044		       85 02		      sta	WSYNC
     42  f044					      repend
     43  f046		       85 02		      sta	WSYNC
     42  f046					      repend
     43  f048		       85 02		      sta	WSYNC
     42  f048					      repend
     43  f04a		       85 02		      sta	WSYNC
     42  f04a					      repend
     43  f04c		       85 02		      sta	WSYNC
     42  f04c					      repend
     43  f04e		       85 02		      sta	WSYNC
     42  f04e					      repend
     43  f050		       85 02		      sta	WSYNC
     42  f050					      repend
     43  f052		       85 02		      sta	WSYNC
     42  f052					      repend
     43  f054		       85 02		      sta	WSYNC
     42  f054					      repend
     43  f056		       85 02		      sta	WSYNC
     42  f056					      repend
     43  f058		       85 02		      sta	WSYNC
     42  f058					      repend
     43  f05a		       85 02		      sta	WSYNC
     42  f05a					      repend
     43  f05c		       85 02		      sta	WSYNC
     42  f05c					      repend
     43  f05e		       85 02		      sta	WSYNC
     42  f05e					      repend
     43  f060		       85 02		      sta	WSYNC
     42  f060					      repend
     43  f062		       85 02		      sta	WSYNC
     42  f062					      repend
     43  f064		       85 02		      sta	WSYNC
     42  f064					      repend
     43  f066		       85 02		      sta	WSYNC
     42  f066					      repend
     43  f068		       85 02		      sta	WSYNC
     42  f068					      repend
     43  f06a		       85 02		      sta	WSYNC
     42  f06a					      repend
     43  f06c		       85 02		      sta	WSYNC
     42  f06c					      repend
     43  f06e		       85 02		      sta	WSYNC
     42  f06e					      repend
     43  f070		       85 02		      sta	WSYNC
     42  f070					      repend
     43  f072		       85 02		      sta	WSYNC
     42  f072					      repend
     43  f074		       85 02		      sta	WSYNC
     42  f074					      repend
     43  f076		       85 02		      sta	WSYNC
     42  f076					      repend
     43  f078		       85 02		      sta	WSYNC
     42  f078					      repend
     43  f07a		       85 02		      sta	WSYNC
     42  f07a					      repend
     43  f07c		       85 02		      sta	WSYNC
     42  f07c					      repend
     43  f07e		       85 02		      sta	WSYNC
     42  f07e					      repend
     43  f080		       85 02		      sta	WSYNC
     42  f080					      repend
     43  f082		       85 02		      sta	WSYNC
     42  f082					      repend
     43  f084		       85 02		      sta	WSYNC
     42  f084					      repend
     43  f086		       85 02		      sta	WSYNC
     44  f088					      repend
     45  f088		       a9 00		      lda	#0
     46  f08a		       85 01		      sta	VBLANK
     47  f08c					      repeat	160
     48  f08c		       85 02		      sta	WSYNC
     47  f08c					      repend
     48  f08e		       85 02		      sta	WSYNC
     47  f08e					      repend
     48  f090		       85 02		      sta	WSYNC
     47  f090					      repend
     48  f092		       85 02		      sta	WSYNC
     47  f092					      repend
     48  f094		       85 02		      sta	WSYNC
     47  f094					      repend
     48  f096		       85 02		      sta	WSYNC
     47  f096					      repend
     48  f098		       85 02		      sta	WSYNC
     47  f098					      repend
     48  f09a		       85 02		      sta	WSYNC
     47  f09a					      repend
     48  f09c		       85 02		      sta	WSYNC
     47  f09c					      repend
     48  f09e		       85 02		      sta	WSYNC
     47  f09e					      repend
     48  f0a0		       85 02		      sta	WSYNC
     47  f0a0					      repend
     48  f0a2		       85 02		      sta	WSYNC
     47  f0a2					      repend
     48  f0a4		       85 02		      sta	WSYNC
     47  f0a4					      repend
     48  f0a6		       85 02		      sta	WSYNC
     47  f0a6					      repend
     48  f0a8		       85 02		      sta	WSYNC
     47  f0a8					      repend
     48  f0aa		       85 02		      sta	WSYNC
     47  f0aa					      repend
     48  f0ac		       85 02		      sta	WSYNC
     47  f0ac					      repend
     48  f0ae		       85 02		      sta	WSYNC
     47  f0ae					      repend
     48  f0b0		       85 02		      sta	WSYNC
     47  f0b0					      repend
     48  f0b2		       85 02		      sta	WSYNC
     47  f0b2					      repend
     48  f0b4		       85 02		      sta	WSYNC
     47  f0b4					      repend
     48  f0b6		       85 02		      sta	WSYNC
     47  f0b6					      repend
     48  f0b8		       85 02		      sta	WSYNC
     47  f0b8					      repend
     48  f0ba		       85 02		      sta	WSYNC
     47  f0ba					      repend
     48  f0bc		       85 02		      sta	WSYNC
     47  f0bc					      repend
     48  f0be		       85 02		      sta	WSYNC
     47  f0be					      repend
     48  f0c0		       85 02		      sta	WSYNC
     47  f0c0					      repend
     48  f0c2		       85 02		      sta	WSYNC
     47  f0c2					      repend
     48  f0c4		       85 02		      sta	WSYNC
     47  f0c4					      repend
     48  f0c6		       85 02		      sta	WSYNC
     47  f0c6					      repend
     48  f0c8		       85 02		      sta	WSYNC
     47  f0c8					      repend
     48  f0ca		       85 02		      sta	WSYNC
     47  f0ca					      repend
     48  f0cc		       85 02		      sta	WSYNC
     47  f0cc					      repend
     48  f0ce		       85 02		      sta	WSYNC
     47  f0ce					      repend
     48  f0d0		       85 02		      sta	WSYNC
     47  f0d0					      repend
     48  f0d2		       85 02		      sta	WSYNC
     47  f0d2					      repend
     48  f0d4		       85 02		      sta	WSYNC
     47  f0d4					      repend
     48  f0d6		       85 02		      sta	WSYNC
     47  f0d6					      repend
     48  f0d8		       85 02		      sta	WSYNC
     47  f0d8					      repend
     48  f0da		       85 02		      sta	WSYNC
     47  f0da					      repend
     48  f0dc		       85 02		      sta	WSYNC
     47  f0dc					      repend
     48  f0de		       85 02		      sta	WSYNC
     47  f0de					      repend
     48  f0e0		       85 02		      sta	WSYNC
     47  f0e0					      repend
     48  f0e2		       85 02		      sta	WSYNC
     47  f0e2					      repend
     48  f0e4		       85 02		      sta	WSYNC
     47  f0e4					      repend
     48  f0e6		       85 02		      sta	WSYNC
     47  f0e6					      repend
     48  f0e8		       85 02		      sta	WSYNC
     47  f0e8					      repend
     48  f0ea		       85 02		      sta	WSYNC
     47  f0ea					      repend
     48  f0ec		       85 02		      sta	WSYNC
     47  f0ec					      repend
     48  f0ee		       85 02		      sta	WSYNC
     47  f0ee					      repend
     48  f0f0		       85 02		      sta	WSYNC
     47  f0f0					      repend
     48  f0f2		       85 02		      sta	WSYNC
     47  f0f2					      repend
     48  f0f4		       85 02		      sta	WSYNC
     47  f0f4					      repend
     48  f0f6		       85 02		      sta	WSYNC
     47  f0f6					      repend
     48  f0f8		       85 02		      sta	WSYNC
     47  f0f8					      repend
     48  f0fa		       85 02		      sta	WSYNC
     47  f0fa					      repend
     48  f0fc		       85 02		      sta	WSYNC
     47  f0fc					      repend
     48  f0fe		       85 02		      sta	WSYNC
     47  f0fe					      repend
     48  f100		       85 02		      sta	WSYNC
     47  f100					      repend
     48  f102		       85 02		      sta	WSYNC
     47  f102					      repend
     48  f104		       85 02		      sta	WSYNC
     47  f104					      repend
     48  f106		       85 02		      sta	WSYNC
     47  f106					      repend
     48  f108		       85 02		      sta	WSYNC
     47  f108					      repend
     48  f10a		       85 02		      sta	WSYNC
     47  f10a					      repend
     48  f10c		       85 02		      sta	WSYNC
     47  f10c					      repend
     48  f10e		       85 02		      sta	WSYNC
     47  f10e					      repend
     48  f110		       85 02		      sta	WSYNC
     47  f110					      repend
     48  f112		       85 02		      sta	WSYNC
     47  f112					      repend
     48  f114		       85 02		      sta	WSYNC
     47  f114					      repend
     48  f116		       85 02		      sta	WSYNC
     47  f116					      repend
     48  f118		       85 02		      sta	WSYNC
     47  f118					      repend
     48  f11a		       85 02		      sta	WSYNC
     47  f11a					      repend
     48  f11c		       85 02		      sta	WSYNC
     47  f11c					      repend
     48  f11e		       85 02		      sta	WSYNC
     47  f11e					      repend
     48  f120		       85 02		      sta	WSYNC
     47  f120					      repend
     48  f122		       85 02		      sta	WSYNC
     47  f122					      repend
     48  f124		       85 02		      sta	WSYNC
     47  f124					      repend
     48  f126		       85 02		      sta	WSYNC
     47  f126					      repend
     48  f128		       85 02		      sta	WSYNC
     47  f128					      repend
     48  f12a		       85 02		      sta	WSYNC
     47  f12a					      repend
     48  f12c		       85 02		      sta	WSYNC
     47  f12c					      repend
     48  f12e		       85 02		      sta	WSYNC
     47  f12e					      repend
     48  f130		       85 02		      sta	WSYNC
     47  f130					      repend
     48  f132		       85 02		      sta	WSYNC
     47  f132					      repend
     48  f134		       85 02		      sta	WSYNC
     47  f134					      repend
     48  f136		       85 02		      sta	WSYNC
     47  f136					      repend
     48  f138		       85 02		      sta	WSYNC
     47  f138					      repend
     48  f13a		       85 02		      sta	WSYNC
     47  f13a					      repend
     48  f13c		       85 02		      sta	WSYNC
     47  f13c					      repend
     48  f13e		       85 02		      sta	WSYNC
     47  f13e					      repend
     48  f140		       85 02		      sta	WSYNC
     47  f140					      repend
     48  f142		       85 02		      sta	WSYNC
     47  f142					      repend
     48  f144		       85 02		      sta	WSYNC
     47  f144					      repend
     48  f146		       85 02		      sta	WSYNC
     47  f146					      repend
     48  f148		       85 02		      sta	WSYNC
     47  f148					      repend
     48  f14a		       85 02		      sta	WSYNC
     47  f14a					      repend
     48  f14c		       85 02		      sta	WSYNC
     47  f14c					      repend
     48  f14e		       85 02		      sta	WSYNC
     47  f14e					      repend
     48  f150		       85 02		      sta	WSYNC
     47  f150					      repend
     48  f152		       85 02		      sta	WSYNC
     47  f152					      repend
     48  f154		       85 02		      sta	WSYNC
     47  f154					      repend
     48  f156		       85 02		      sta	WSYNC
     47  f156					      repend
     48  f158		       85 02		      sta	WSYNC
     47  f158					      repend
     48  f15a		       85 02		      sta	WSYNC
     47  f15a					      repend
     48  f15c		       85 02		      sta	WSYNC
     47  f15c					      repend
     48  f15e		       85 02		      sta	WSYNC
     47  f15e					      repend
     48  f160		       85 02		      sta	WSYNC
     47  f160					      repend
     48  f162		       85 02		      sta	WSYNC
     47  f162					      repend
     48  f164		       85 02		      sta	WSYNC
     47  f164					      repend
     48  f166		       85 02		      sta	WSYNC
     47  f166					      repend
     48  f168		       85 02		      sta	WSYNC
     47  f168					      repend
     48  f16a		       85 02		      sta	WSYNC
     47  f16a					      repend
     48  f16c		       85 02		      sta	WSYNC
     47  f16c					      repend
     48  f16e		       85 02		      sta	WSYNC
     47  f16e					      repend
     48  f170		       85 02		      sta	WSYNC
     47  f170					      repend
     48  f172		       85 02		      sta	WSYNC
     47  f172					      repend
     48  f174		       85 02		      sta	WSYNC
     47  f174					      repend
     48  f176		       85 02		      sta	WSYNC
     47  f176					      repend
     48  f178		       85 02		      sta	WSYNC
     47  f178					      repend
     48  f17a		       85 02		      sta	WSYNC
     47  f17a					      repend
     48  f17c		       85 02		      sta	WSYNC
     47  f17c					      repend
     48  f17e		       85 02		      sta	WSYNC
     47  f17e					      repend
     48  f180		       85 02		      sta	WSYNC
     47  f180					      repend
     48  f182		       85 02		      sta	WSYNC
     47  f182					      repend
     48  f184		       85 02		      sta	WSYNC
     47  f184					      repend
     48  f186		       85 02		      sta	WSYNC
     47  f186					      repend
     48  f188		       85 02		      sta	WSYNC
     47  f188					      repend
     48  f18a		       85 02		      sta	WSYNC
     47  f18a					      repend
     48  f18c		       85 02		      sta	WSYNC
     47  f18c					      repend
     48  f18e		       85 02		      sta	WSYNC
     47  f18e					      repend
     48  f190		       85 02		      sta	WSYNC
     47  f190					      repend
     48  f192		       85 02		      sta	WSYNC
     47  f192					      repend
     48  f194		       85 02		      sta	WSYNC
     47  f194					      repend
     48  f196		       85 02		      sta	WSYNC
     47  f196					      repend
     48  f198		       85 02		      sta	WSYNC
     47  f198					      repend
     48  f19a		       85 02		      sta	WSYNC
     47  f19a					      repend
     48  f19c		       85 02		      sta	WSYNC
     47  f19c					      repend
     48  f19e		       85 02		      sta	WSYNC
     47  f19e					      repend
     48  f1a0		       85 02		      sta	WSYNC
     47  f1a0					      repend
     48  f1a2		       85 02		      sta	WSYNC
     47  f1a2					      repend
     48  f1a4		       85 02		      sta	WSYNC
     47  f1a4					      repend
     48  f1a6		       85 02		      sta	WSYNC
     47  f1a6					      repend
     48  f1a8		       85 02		      sta	WSYNC
     47  f1a8					      repend
     48  f1aa		       85 02		      sta	WSYNC
     47  f1aa					      repend
     48  f1ac		       85 02		      sta	WSYNC
     47  f1ac					      repend
     48  f1ae		       85 02		      sta	WSYNC
     47  f1ae					      repend
     48  f1b0		       85 02		      sta	WSYNC
     47  f1b0					      repend
     48  f1b2		       85 02		      sta	WSYNC
     47  f1b2					      repend
     48  f1b4		       85 02		      sta	WSYNC
     47  f1b4					      repend
     48  f1b6		       85 02		      sta	WSYNC
     47  f1b6					      repend
     48  f1b8		       85 02		      sta	WSYNC
     47  f1b8					      repend
     48  f1ba		       85 02		      sta	WSYNC
     47  f1ba					      repend
     48  f1bc		       85 02		      sta	WSYNC
     47  f1bc					      repend
     48  f1be		       85 02		      sta	WSYNC
     47  f1be					      repend
     48  f1c0		       85 02		      sta	WSYNC
     47  f1c0					      repend
     48  f1c2		       85 02		      sta	WSYNC
     47  f1c2					      repend
     48  f1c4		       85 02		      sta	WSYNC
     47  f1c4					      repend
     48  f1c6		       85 02		      sta	WSYNC
     47  f1c6					      repend
     48  f1c8		       85 02		      sta	WSYNC
     47  f1c8					      repend
     48  f1ca		       85 02		      sta	WSYNC
     49  f1cc					      repend
     50  f1cc		       a0 11		      ldy	#17	;17 rows of player bitmap
     51  f1ce				   d_bmap		;draw bitmap
     52  f1ce		       b9 76 f2 	      lda	p0_bmap,Y
     53  f1d1		       85 1b		      sta	GRP0	;graphic register player0
     54  f1d3		       b9 87 f2 	      lda	p0c,Y
     55  f1d6		       85 06		      sta	COLUP0	;colour player0
     56  f1d8		       85 02		      sta	WSYNC
     57  f1da		       88		      dey		;y--
     58  f1db		       d0 f1		      bne	d_bmap	;draw the sprite until whole bitmap is traversed
     59  f1dd		       a9 00		      lda	#0
     60  f1df		       85 1b		      sta	GRP0	;disable player0 graphics after whole sprite is done
     61  f1e1		       a9 ff		      lda	#$FF	;enable grass playfield
     62  f1e3		       85 0d		      sta	PF0
     63  f1e5		       85 0e		      sta	PF1
     64  f1e7		       85 0f		      sta	PF2
     65  f1e9					      repeat	15
     66  f1e9		       85 02		      sta	WSYNC
     65  f1e9					      repend
     66  f1eb		       85 02		      sta	WSYNC
     65  f1eb					      repend
     66  f1ed		       85 02		      sta	WSYNC
     65  f1ed					      repend
     66  f1ef		       85 02		      sta	WSYNC
     65  f1ef					      repend
     66  f1f1		       85 02		      sta	WSYNC
     65  f1f1					      repend
     66  f1f3		       85 02		      sta	WSYNC
     65  f1f3					      repend
     66  f1f5		       85 02		      sta	WSYNC
     65  f1f5					      repend
     66  f1f7		       85 02		      sta	WSYNC
     65  f1f7					      repend
     66  f1f9		       85 02		      sta	WSYNC
     65  f1f9					      repend
     66  f1fb		       85 02		      sta	WSYNC
     65  f1fb					      repend
     66  f1fd		       85 02		      sta	WSYNC
     65  f1fd					      repend
     66  f1ff		       85 02		      sta	WSYNC
     65  f1ff					      repend
     66  f201		       85 02		      sta	WSYNC
     65  f201					      repend
     66  f203		       85 02		      sta	WSYNC
     65  f203					      repend
     66  f205		       85 02		      sta	WSYNC
     67  f207					      repend
     68  f207		       a9 00		      lda	#0
     69  f209		       85 0d		      sta	PF0
     70  f20b		       85 0e		      sta	PF1
     71  f20d		       85 0f		      sta	PF2
     72  f20f				   ovs
     73  f20f		       a9 02		      lda	#2
     74  f211		       85 01		      sta	VBLANK
     75  f213					      repeat	30
     76  f213		       85 02		      sta	WSYNC
     75  f213					      repend
     76  f215		       85 02		      sta	WSYNC
     75  f215					      repend
     76  f217		       85 02		      sta	WSYNC
     75  f217					      repend
     76  f219		       85 02		      sta	WSYNC
     75  f219					      repend
     76  f21b		       85 02		      sta	WSYNC
     75  f21b					      repend
     76  f21d		       85 02		      sta	WSYNC
     75  f21d					      repend
     76  f21f		       85 02		      sta	WSYNC
     75  f21f					      repend
     76  f221		       85 02		      sta	WSYNC
     75  f221					      repend
     76  f223		       85 02		      sta	WSYNC
     75  f223					      repend
     76  f225		       85 02		      sta	WSYNC
     75  f225					      repend
     76  f227		       85 02		      sta	WSYNC
     75  f227					      repend
     76  f229		       85 02		      sta	WSYNC
     75  f229					      repend
     76  f22b		       85 02		      sta	WSYNC
     75  f22b					      repend
     76  f22d		       85 02		      sta	WSYNC
     75  f22d					      repend
     76  f22f		       85 02		      sta	WSYNC
     75  f22f					      repend
     76  f231		       85 02		      sta	WSYNC
     75  f231					      repend
     76  f233		       85 02		      sta	WSYNC
     75  f233					      repend
     76  f235		       85 02		      sta	WSYNC
     75  f235					      repend
     76  f237		       85 02		      sta	WSYNC
     75  f237					      repend
     76  f239		       85 02		      sta	WSYNC
     75  f239					      repend
     76  f23b		       85 02		      sta	WSYNC
     75  f23b					      repend
     76  f23d		       85 02		      sta	WSYNC
     75  f23d					      repend
     76  f23f		       85 02		      sta	WSYNC
     75  f23f					      repend
     76  f241		       85 02		      sta	WSYNC
     75  f241					      repend
     76  f243		       85 02		      sta	WSYNC
     75  f243					      repend
     76  f245		       85 02		      sta	WSYNC
     75  f245					      repend
     76  f247		       85 02		      sta	WSYNC
     75  f247					      repend
     76  f249		       85 02		      sta	WSYNC
     75  f249					      repend
     76  f24b		       85 02		      sta	WSYNC
     75  f24b					      repend
     76  f24d		       85 02		      sta	WSYNC
     77  f24f					      repend
     78  f24f				   p0up
     79  f24f		       a9 10		      lda	#%00010000
     80  f251		       2c 80 02 	      bit	SWCHA
     81  f254		       d0 02		      bne	p0down
     82  f256		       e6 80		      inc	p0x
     83  f258				   p0down
     84  f258		       a9 20		      lda	#%00100000
     85  f25a		       2c 80 02 	      bit	SWCHA
     86  f25d		       d0 02		      bne	p0left
     87  f25f		       c6 80		      dec	p0x
     88  f261				   p0left
     89  f261		       a9 40		      lda	#%01000000
     90  f263		       2c 80 02 	      bit	SWCHA
     91  f266		       d0 02		      bne	p0right
     92  f268		       c6 80		      dec	p0x
     93  f26a				   p0right
     94  f26a		       a9 80		      lda	#%10000000
     95  f26c		       2c 80 02 	      bit	SWCHA
     96  f26f		       d0 02		      bne	noip
     97  f271		       e6 80		      inc	p0x
     98  f273				   noip
     99  f273							; fallback when no input was performed
    100  f273		       4c 17 f0 	      jmp	dk
    101  f276				   p0_bmap
    102  f276		       00		      byte.b	#%00000000
    103  f277		       14		      byte.b	#%00010100
    104  f278		       14		      byte.b	#%00010100
    105  f279		       14		      byte.b	#%00010100
    106  f27a		       14		      byte.b	#%00010100
    107  f27b		       14		      byte.b	#%00010100
    108  f27c		       1c		      byte.b	#%00011100
    109  f27d		       5d		      byte.b	#%01011101
    110  f27e		       5d		      byte.b	#%01011101
    111  f27f		       5d		      byte.b	#%01011101
    112  f280		       5d		      byte.b	#%01011101
    113  f281		       7f		      byte.b	#%01111111
    114  f282		       3e		      byte.b	#%00111110
    115  f283		       10		      byte.b	#%00010000
    116  f284		       1c		      byte.b	#%00011100
    117  f285		       1c		      byte.b	#%00011100
    118  f286		       1c		      byte.b	#%00011100
    119  f287				   p0c
    120  f287		       00		      byte.b	#$00
    121  f288		       f6		      byte.b	#$F6
    122  f289		       f2		      byte.b	#$F2
    123  f28a		       f2		      byte.b	#$F2
    124  f28b		       f2		      byte.b	#$F2
    125  f28c		       f2		      byte.b	#$F2
    126  f28d		       f2		      byte.b	#$F2
    127  f28e		       c2		      byte.b	#$C2
    128  f28f		       c2		      byte.b	#$C2
    129  f290		       c2		      byte.b	#$C2
    130  f291		       c2		      byte.b	#$C2
    131  f292		       c2		      byte.b	#$C2
    132  f293		       c2		      byte.b	#$C2
    133  f294		       3e		      byte.b	#$3E
    134  f295		       3e		      byte.b	#$3E
    135  f296		       3e		      byte.b	#$3E
    136  f297		       24		      byte.b	#$24
    137  f298
    138  fffc					      org	$FFFC
    139  fffc		       00 f0		      .word.w	res
    140  fffe		       00 f0		      .word.w	res
